[00:54:00] [main/INFO]: Environment: authHost='https://authserver.mojang.com', accountsHost='https://api.mojang.com', sessionHost='https://sessionserver.mojang.com', servicesHost='https://api.minecraftservices.com', name='PROD'
[00:54:01] [main/WARN]: Ambiguity between arguments [teleport, destination] and [teleport, targets] with inputs: [Player, 0123, @e, dd12be42-52a9-4a91-a8a1-11c01849e498]
[00:54:01] [main/WARN]: Ambiguity between arguments [teleport, location] and [teleport, destination] with inputs: [0.1 -0.5 .9, 0 0 0]
[00:54:01] [main/WARN]: Ambiguity between arguments [teleport, location] and [teleport, targets] with inputs: [0.1 -0.5 .9, 0 0 0]
[00:54:01] [main/WARN]: Ambiguity between arguments [teleport, targets] and [teleport, destination] with inputs: [Player, 0123, dd12be42-52a9-4a91-a8a1-11c01849e498]
[00:54:01] [main/WARN]: Ambiguity between arguments [teleport, targets, location] and [teleport, targets, destination] with inputs: [0.1 -0.5 .9, 0 0 0]
[00:54:01] [main/INFO]: Reloading ResourceManager: Default
[00:54:01] [Worker-Main-12/INFO]: Loaded 7 recipes
[00:54:01] [Worker-Main-12/INFO]: Loaded 927 advancements
[00:54:02] [Server thread/INFO]: Starting minecraft server version 1.16.5
[00:54:02] [Server thread/INFO]: Loading properties
[00:54:02] [Server thread/INFO]: Default game type: SURVIVAL
[00:54:02] [Server thread/INFO]: Generating keypair
[00:54:02] [Server thread/INFO]: Starting Minecraft server on *:25565
[00:54:03] [Server thread/INFO]: Using default channel type
[00:54:03] [Server thread/WARN]: **** SERVER IS RUNNING IN OFFLINE/INSECURE MODE!
[00:54:03] [Server thread/WARN]: The server will make no attempt to authenticate usernames. Beware.
[00:54:03] [Server thread/WARN]: While this makes the game possible to play without internet access, it also opens up the ability for hackers to connect with any username they choose.
[00:54:03] [Server thread/WARN]: To change this, set "online-mode" to "true" in the server.properties file.
[00:54:03] [Server thread/INFO]: Preparing level "world"
[00:54:03] [Server thread/INFO]: Preparing start region for dimension minecraft:overworld
[00:54:05] [Server thread/INFO]: Preparing spawn area: 0%
[00:54:05] [Server thread/INFO]: Preparing spawn area: 0%
[00:54:05] [Server thread/INFO]: Preparing spawn area: 0%
[00:54:05] [Server thread/INFO]: Preparing spawn area: 0%
[00:54:07] [Worker-Main-12/INFO]: Preparing spawn area: 83%
[00:54:07] [Worker-Main-13/INFO]: Preparing spawn area: 83%
[00:54:07] [Worker-Main-13/INFO]: Preparing spawn area: 83%
[00:54:07] [Worker-Main-8/INFO]: Preparing spawn area: 83%
[00:54:07] [Worker-Main-12/INFO]: Preparing spawn area: 83%
[00:54:07] [Worker-Main-11/INFO]: Preparing spawn area: 83%
[00:54:08] [Worker-Main-11/INFO]: Preparing spawn area: 83%
[00:54:08] [Worker-Main-10/INFO]: Preparing spawn area: 84%
[00:54:09] [Worker-Main-13/INFO]: Preparing spawn area: 92%
[00:54:09] [Server thread/INFO]: Time elapsed: 6371 ms
[00:54:09] [Server thread/INFO]: Done (6.417s)! For help, type "help"
[00:56:11] [Server thread/INFO]: _SOIGO_[/192.168.1.64:60718] logged in with entity id 179 at (-164.5, 66.0, 185.5)
[00:56:11] [Server thread/INFO]: _SOIGO_ joined the game
[00:56:49] [Server thread/INFO]: _SOIGO_ lost connection: Disconnected
[00:56:49] [Server thread/INFO]: _SOIGO_ left the game
